<?xml version="1.0" encoding="UTF-8"?>
<testsuite xmlns:xsi="http://www.w3.org/2001/XMLSchema-instance" xsi:noNamespaceSchemaLocation="https://maven.apache.org/surefire/maven-surefire-plugin/xsd/surefire-test-report-3.0.xsd" version="3.0" name="com.example.coworkreserve.CoworkreserveApplicationTests" time="2.772" tests="1" errors="0" skipped="0" failures="0">
  <properties>
    <property name="java.specification.version" value="21"/>
    <property name="sun.jnu.encoding" value="UTF-8"/>
    <property name="java.class.path" value="/home/pablo/Proyectos/CoworkReserve-API/target/test-classes:/home/pablo/Proyectos/CoworkReserve-API/target/classes:/home/pablo/.m2/repository/org/springframework/boot/spring-boot-starter/3.3.6/spring-boot-starter-3.3.6.jar:/home/pablo/.m2/repository/org/springframework/boot/spring-boot/3.3.6/spring-boot-3.3.6.jar:/home/pablo/.m2/repository/org/springframework/spring-context/6.1.15/spring-context-6.1.15.jar:/home/pablo/.m2/repository/org/springframework/boot/spring-boot-autoconfigure/3.3.6/spring-boot-autoconfigure-3.3.6.jar:/home/pablo/.m2/repository/org/springframework/boot/spring-boot-starter-logging/3.3.6/spring-boot-starter-logging-3.3.6.jar:/home/pablo/.m2/repository/ch/qos/logback/logback-classic/1.5.12/logback-classic-1.5.12.jar:/home/pablo/.m2/repository/ch/qos/logback/logback-core/1.5.12/logback-core-1.5.12.jar:/home/pablo/.m2/repository/org/apache/logging/log4j/log4j-to-slf4j/2.23.1/log4j-to-slf4j-2.23.1.jar:/home/pablo/.m2/repository/org/apache/logging/log4j/log4j-api/2.23.1/log4j-api-2.23.1.jar:/home/pablo/.m2/repository/org/slf4j/jul-to-slf4j/2.0.16/jul-to-slf4j-2.0.16.jar:/home/pablo/.m2/repository/jakarta/annotation/jakarta.annotation-api/2.1.1/jakarta.annotation-api-2.1.1.jar:/home/pablo/.m2/repository/org/springframework/spring-core/6.1.15/spring-core-6.1.15.jar:/home/pablo/.m2/repository/org/springframework/spring-jcl/6.1.15/spring-jcl-6.1.15.jar:/home/pablo/.m2/repository/org/yaml/snakeyaml/2.2/snakeyaml-2.2.jar:/home/pablo/.m2/repository/org/springframework/boot/spring-boot-starter-web/3.3.6/spring-boot-starter-web-3.3.6.jar:/home/pablo/.m2/repository/org/springframework/boot/spring-boot-starter-json/3.3.6/spring-boot-starter-json-3.3.6.jar:/home/pablo/.m2/repository/com/fasterxml/jackson/core/jackson-databind/2.17.3/jackson-databind-2.17.3.jar:/home/pablo/.m2/repository/com/fasterxml/jackson/core/jackson-annotations/2.17.3/jackson-annotations-2.17.3.jar:/home/pablo/.m2/repository/com/fasterxml/jackson/core/jackson-core/2.17.3/jackson-core-2.17.3.jar:/home/pablo/.m2/repository/com/fasterxml/jackson/datatype/jackson-datatype-jdk8/2.17.3/jackson-datatype-jdk8-2.17.3.jar:/home/pablo/.m2/repository/com/fasterxml/jackson/datatype/jackson-datatype-jsr310/2.17.3/jackson-datatype-jsr310-2.17.3.jar:/home/pablo/.m2/repository/com/fasterxml/jackson/module/jackson-module-parameter-names/2.17.3/jackson-module-parameter-names-2.17.3.jar:/home/pablo/.m2/repository/org/springframework/boot/spring-boot-starter-tomcat/3.3.6/spring-boot-starter-tomcat-3.3.6.jar:/home/pablo/.m2/repository/org/apache/tomcat/embed/tomcat-embed-core/10.1.33/tomcat-embed-core-10.1.33.jar:/home/pablo/.m2/repository/org/apache/tomcat/embed/tomcat-embed-el/10.1.33/tomcat-embed-el-10.1.33.jar:/home/pablo/.m2/repository/org/apache/tomcat/embed/tomcat-embed-websocket/10.1.33/tomcat-embed-websocket-10.1.33.jar:/home/pablo/.m2/repository/org/springframework/spring-web/6.1.15/spring-web-6.1.15.jar:/home/pablo/.m2/repository/org/springframework/spring-beans/6.1.15/spring-beans-6.1.15.jar:/home/pablo/.m2/repository/io/micrometer/micrometer-observation/1.13.8/micrometer-observation-1.13.8.jar:/home/pablo/.m2/repository/io/micrometer/micrometer-commons/1.13.8/micrometer-commons-1.13.8.jar:/home/pablo/.m2/repository/org/springframework/spring-webmvc/6.1.15/spring-webmvc-6.1.15.jar:/home/pablo/.m2/repository/org/springframework/spring-aop/6.1.15/spring-aop-6.1.15.jar:/home/pablo/.m2/repository/org/springframework/spring-expression/6.1.15/spring-expression-6.1.15.jar:/home/pablo/.m2/repository/org/springframework/boot/spring-boot-starter-test/3.3.6/spring-boot-starter-test-3.3.6.jar:/home/pablo/.m2/repository/org/springframework/boot/spring-boot-test/3.3.6/spring-boot-test-3.3.6.jar:/home/pablo/.m2/repository/org/springframework/boot/spring-boot-test-autoconfigure/3.3.6/spring-boot-test-autoconfigure-3.3.6.jar:/home/pablo/.m2/repository/com/jayway/jsonpath/json-path/2.9.0/json-path-2.9.0.jar:/home/pablo/.m2/repository/org/slf4j/slf4j-api/2.0.16/slf4j-api-2.0.16.jar:/home/pablo/.m2/repository/jakarta/xml/bind/jakarta.xml.bind-api/4.0.2/jakarta.xml.bind-api-4.0.2.jar:/home/pablo/.m2/repository/jakarta/activation/jakarta.activation-api/2.1.3/jakarta.activation-api-2.1.3.jar:/home/pablo/.m2/repository/net/minidev/json-smart/2.5.1/json-smart-2.5.1.jar:/home/pablo/.m2/repository/net/minidev/accessors-smart/2.5.1/accessors-smart-2.5.1.jar:/home/pablo/.m2/repository/org/ow2/asm/asm/9.6/asm-9.6.jar:/home/pablo/.m2/repository/org/assertj/assertj-core/3.25.3/assertj-core-3.25.3.jar:/home/pablo/.m2/repository/net/bytebuddy/byte-buddy/1.14.19/byte-buddy-1.14.19.jar:/home/pablo/.m2/repository/org/awaitility/awaitility/4.2.2/awaitility-4.2.2.jar:/home/pablo/.m2/repository/org/hamcrest/hamcrest/2.2/hamcrest-2.2.jar:/home/pablo/.m2/repository/org/junit/jupiter/junit-jupiter/5.10.5/junit-jupiter-5.10.5.jar:/home/pablo/.m2/repository/org/junit/jupiter/junit-jupiter-api/5.10.5/junit-jupiter-api-5.10.5.jar:/home/pablo/.m2/repository/org/opentest4j/opentest4j/1.3.0/opentest4j-1.3.0.jar:/home/pablo/.m2/repository/org/junit/platform/junit-platform-commons/1.10.5/junit-platform-commons-1.10.5.jar:/home/pablo/.m2/repository/org/apiguardian/apiguardian-api/1.1.2/apiguardian-api-1.1.2.jar:/home/pablo/.m2/repository/org/junit/jupiter/junit-jupiter-params/5.10.5/junit-jupiter-params-5.10.5.jar:/home/pablo/.m2/repository/org/junit/jupiter/junit-jupiter-engine/5.10.5/junit-jupiter-engine-5.10.5.jar:/home/pablo/.m2/repository/org/junit/platform/junit-platform-engine/1.10.5/junit-platform-engine-1.10.5.jar:/home/pablo/.m2/repository/org/mockito/mockito-core/5.11.0/mockito-core-5.11.0.jar:/home/pablo/.m2/repository/net/bytebuddy/byte-buddy-agent/1.14.19/byte-buddy-agent-1.14.19.jar:/home/pablo/.m2/repository/org/objenesis/objenesis/3.3/objenesis-3.3.jar:/home/pablo/.m2/repository/org/mockito/mockito-junit-jupiter/5.11.0/mockito-junit-jupiter-5.11.0.jar:/home/pablo/.m2/repository/org/skyscreamer/jsonassert/1.5.3/jsonassert-1.5.3.jar:/home/pablo/.m2/repository/com/vaadin/external/google/android-json/0.0.20131108.vaadin1/android-json-0.0.20131108.vaadin1.jar:/home/pablo/.m2/repository/org/springframework/spring-test/6.1.15/spring-test-6.1.15.jar:/home/pablo/.m2/repository/org/xmlunit/xmlunit-core/2.9.1/xmlunit-core-2.9.1.jar:"/>
    <property name="java.vm.vendor" value="Ubuntu"/>
    <property name="sun.arch.data.model" value="64"/>
    <property name="java.vendor.url" value="https://ubuntu.com/"/>
    <property name="user.timezone" value="Europe/Madrid"/>
    <property name="os.name" value="Linux"/>
    <property name="java.vm.specification.version" value="21"/>
    <property name="sun.java.launcher" value="SUN_STANDARD"/>
    <property name="user.country" value="ES"/>
    <property name="sun.boot.library.path" value="/usr/lib/jvm/java-21-openjdk-amd64/lib"/>
    <property name="sun.java.command" value="/home/pablo/Proyectos/CoworkReserve-API/target/surefire/surefirebooter-20241219002527846_3.jar /home/pablo/Proyectos/CoworkReserve-API/target/surefire 2024-12-19T00-25-27_320-jvmRun1 surefire-20241219002527846_1tmp surefire_0-20241219002527846_2tmp"/>
    <property name="jdk.debug" value="release"/>
    <property name="surefire.test.class.path" value="/home/pablo/Proyectos/CoworkReserve-API/target/test-classes:/home/pablo/Proyectos/CoworkReserve-API/target/classes:/home/pablo/.m2/repository/org/springframework/boot/spring-boot-starter/3.3.6/spring-boot-starter-3.3.6.jar:/home/pablo/.m2/repository/org/springframework/boot/spring-boot/3.3.6/spring-boot-3.3.6.jar:/home/pablo/.m2/repository/org/springframework/spring-context/6.1.15/spring-context-6.1.15.jar:/home/pablo/.m2/repository/org/springframework/boot/spring-boot-autoconfigure/3.3.6/spring-boot-autoconfigure-3.3.6.jar:/home/pablo/.m2/repository/org/springframework/boot/spring-boot-starter-logging/3.3.6/spring-boot-starter-logging-3.3.6.jar:/home/pablo/.m2/repository/ch/qos/logback/logback-classic/1.5.12/logback-classic-1.5.12.jar:/home/pablo/.m2/repository/ch/qos/logback/logback-core/1.5.12/logback-core-1.5.12.jar:/home/pablo/.m2/repository/org/apache/logging/log4j/log4j-to-slf4j/2.23.1/log4j-to-slf4j-2.23.1.jar:/home/pablo/.m2/repository/org/apache/logging/log4j/log4j-api/2.23.1/log4j-api-2.23.1.jar:/home/pablo/.m2/repository/org/slf4j/jul-to-slf4j/2.0.16/jul-to-slf4j-2.0.16.jar:/home/pablo/.m2/repository/jakarta/annotation/jakarta.annotation-api/2.1.1/jakarta.annotation-api-2.1.1.jar:/home/pablo/.m2/repository/org/springframework/spring-core/6.1.15/spring-core-6.1.15.jar:/home/pablo/.m2/repository/org/springframework/spring-jcl/6.1.15/spring-jcl-6.1.15.jar:/home/pablo/.m2/repository/org/yaml/snakeyaml/2.2/snakeyaml-2.2.jar:/home/pablo/.m2/repository/org/springframework/boot/spring-boot-starter-web/3.3.6/spring-boot-starter-web-3.3.6.jar:/home/pablo/.m2/repository/org/springframework/boot/spring-boot-starter-json/3.3.6/spring-boot-starter-json-3.3.6.jar:/home/pablo/.m2/repository/com/fasterxml/jackson/core/jackson-databind/2.17.3/jackson-databind-2.17.3.jar:/home/pablo/.m2/repository/com/fasterxml/jackson/core/jackson-annotations/2.17.3/jackson-annotations-2.17.3.jar:/home/pablo/.m2/repository/com/fasterxml/jackson/core/jackson-core/2.17.3/jackson-core-2.17.3.jar:/home/pablo/.m2/repository/com/fasterxml/jackson/datatype/jackson-datatype-jdk8/2.17.3/jackson-datatype-jdk8-2.17.3.jar:/home/pablo/.m2/repository/com/fasterxml/jackson/datatype/jackson-datatype-jsr310/2.17.3/jackson-datatype-jsr310-2.17.3.jar:/home/pablo/.m2/repository/com/fasterxml/jackson/module/jackson-module-parameter-names/2.17.3/jackson-module-parameter-names-2.17.3.jar:/home/pablo/.m2/repository/org/springframework/boot/spring-boot-starter-tomcat/3.3.6/spring-boot-starter-tomcat-3.3.6.jar:/home/pablo/.m2/repository/org/apache/tomcat/embed/tomcat-embed-core/10.1.33/tomcat-embed-core-10.1.33.jar:/home/pablo/.m2/repository/org/apache/tomcat/embed/tomcat-embed-el/10.1.33/tomcat-embed-el-10.1.33.jar:/home/pablo/.m2/repository/org/apache/tomcat/embed/tomcat-embed-websocket/10.1.33/tomcat-embed-websocket-10.1.33.jar:/home/pablo/.m2/repository/org/springframework/spring-web/6.1.15/spring-web-6.1.15.jar:/home/pablo/.m2/repository/org/springframework/spring-beans/6.1.15/spring-beans-6.1.15.jar:/home/pablo/.m2/repository/io/micrometer/micrometer-observation/1.13.8/micrometer-observation-1.13.8.jar:/home/pablo/.m2/repository/io/micrometer/micrometer-commons/1.13.8/micrometer-commons-1.13.8.jar:/home/pablo/.m2/repository/org/springframework/spring-webmvc/6.1.15/spring-webmvc-6.1.15.jar:/home/pablo/.m2/repository/org/springframework/spring-aop/6.1.15/spring-aop-6.1.15.jar:/home/pablo/.m2/repository/org/springframework/spring-expression/6.1.15/spring-expression-6.1.15.jar:/home/pablo/.m2/repository/org/springframework/boot/spring-boot-starter-test/3.3.6/spring-boot-starter-test-3.3.6.jar:/home/pablo/.m2/repository/org/springframework/boot/spring-boot-test/3.3.6/spring-boot-test-3.3.6.jar:/home/pablo/.m2/repository/org/springframework/boot/spring-boot-test-autoconfigure/3.3.6/spring-boot-test-autoconfigure-3.3.6.jar:/home/pablo/.m2/repository/com/jayway/jsonpath/json-path/2.9.0/json-path-2.9.0.jar:/home/pablo/.m2/repository/org/slf4j/slf4j-api/2.0.16/slf4j-api-2.0.16.jar:/home/pablo/.m2/repository/jakarta/xml/bind/jakarta.xml.bind-api/4.0.2/jakarta.xml.bind-api-4.0.2.jar:/home/pablo/.m2/repository/jakarta/activation/jakarta.activation-api/2.1.3/jakarta.activation-api-2.1.3.jar:/home/pablo/.m2/repository/net/minidev/json-smart/2.5.1/json-smart-2.5.1.jar:/home/pablo/.m2/repository/net/minidev/accessors-smart/2.5.1/accessors-smart-2.5.1.jar:/home/pablo/.m2/repository/org/ow2/asm/asm/9.6/asm-9.6.jar:/home/pablo/.m2/repository/org/assertj/assertj-core/3.25.3/assertj-core-3.25.3.jar:/home/pablo/.m2/repository/net/bytebuddy/byte-buddy/1.14.19/byte-buddy-1.14.19.jar:/home/pablo/.m2/repository/org/awaitility/awaitility/4.2.2/awaitility-4.2.2.jar:/home/pablo/.m2/repository/org/hamcrest/hamcrest/2.2/hamcrest-2.2.jar:/home/pablo/.m2/repository/org/junit/jupiter/junit-jupiter/5.10.5/junit-jupiter-5.10.5.jar:/home/pablo/.m2/repository/org/junit/jupiter/junit-jupiter-api/5.10.5/junit-jupiter-api-5.10.5.jar:/home/pablo/.m2/repository/org/opentest4j/opentest4j/1.3.0/opentest4j-1.3.0.jar:/home/pablo/.m2/repository/org/junit/platform/junit-platform-commons/1.10.5/junit-platform-commons-1.10.5.jar:/home/pablo/.m2/repository/org/apiguardian/apiguardian-api/1.1.2/apiguardian-api-1.1.2.jar:/home/pablo/.m2/repository/org/junit/jupiter/junit-jupiter-params/5.10.5/junit-jupiter-params-5.10.5.jar:/home/pablo/.m2/repository/org/junit/jupiter/junit-jupiter-engine/5.10.5/junit-jupiter-engine-5.10.5.jar:/home/pablo/.m2/repository/org/junit/platform/junit-platform-engine/1.10.5/junit-platform-engine-1.10.5.jar:/home/pablo/.m2/repository/org/mockito/mockito-core/5.11.0/mockito-core-5.11.0.jar:/home/pablo/.m2/repository/net/bytebuddy/byte-buddy-agent/1.14.19/byte-buddy-agent-1.14.19.jar:/home/pablo/.m2/repository/org/objenesis/objenesis/3.3/objenesis-3.3.jar:/home/pablo/.m2/repository/org/mockito/mockito-junit-jupiter/5.11.0/mockito-junit-jupiter-5.11.0.jar:/home/pablo/.m2/repository/org/skyscreamer/jsonassert/1.5.3/jsonassert-1.5.3.jar:/home/pablo/.m2/repository/com/vaadin/external/google/android-json/0.0.20131108.vaadin1/android-json-0.0.20131108.vaadin1.jar:/home/pablo/.m2/repository/org/springframework/spring-test/6.1.15/spring-test-6.1.15.jar:/home/pablo/.m2/repository/org/xmlunit/xmlunit-core/2.9.1/xmlunit-core-2.9.1.jar:"/>
    <property name="sun.cpu.endian" value="little"/>
    <property name="user.home" value="/home/pablo"/>
    <property name="user.language" value="es"/>
    <property name="java.specification.vendor" value="Oracle Corporation"/>
    <property name="java.version.date" value="2024-10-15"/>
    <property name="java.home" value="/usr/lib/jvm/java-21-openjdk-amd64"/>
    <property name="file.separator" value="/"/>
    <property name="basedir" value="/home/pablo/Proyectos/CoworkReserve-API"/>
    <property name="java.vm.compressedOopsMode" value="32-bit"/>
    <property name="line.separator" value="&#10;"/>
    <property name="java.vm.specification.vendor" value="Oracle Corporation"/>
    <property name="java.specification.name" value="Java Platform API Specification"/>
    <property name="FILE_LOG_CHARSET" value="UTF-8"/>
    <property name="java.awt.headless" value="true"/>
    <property name="surefire.real.class.path" value="/home/pablo/Proyectos/CoworkReserve-API/target/surefire/surefirebooter-20241219002527846_3.jar"/>
    <property name="sun.management.compiler" value="HotSpot 64-Bit Tiered Compilers"/>
    <property name="java.runtime.version" value="21.0.5+11-Ubuntu-1ubuntu124.04"/>
    <property name="user.name" value="pablo"/>
    <property name="stdout.encoding" value="UTF-8"/>
    <property name="path.separator" value=":"/>
    <property name="os.version" value="6.8.0-51-generic"/>
    <property name="java.runtime.name" value="OpenJDK Runtime Environment"/>
    <property name="file.encoding" value="UTF-8"/>
    <property name="java.vm.name" value="OpenJDK 64-Bit Server VM"/>
    <property name="localRepository" value="/home/pablo/.m2/repository"/>
    <property name="java.vendor.url.bug" value="https://bugs.launchpad.net/ubuntu/+source/openjdk-21"/>
    <property name="java.io.tmpdir" value="/tmp"/>
    <property name="java.version" value="21.0.5"/>
    <property name="user.dir" value="/home/pablo/Proyectos/CoworkReserve-API"/>
    <property name="os.arch" value="amd64"/>
    <property name="java.vm.specification.name" value="Java Virtual Machine Specification"/>
    <property name="PID" value="37590"/>
    <property name="CONSOLE_LOG_CHARSET" value="UTF-8"/>
    <property name="native.encoding" value="UTF-8"/>
    <property name="java.library.path" value="/usr/java/packages/lib:/usr/lib/x86_64-linux-gnu/jni:/lib/x86_64-linux-gnu:/usr/lib/x86_64-linux-gnu:/usr/lib/jni:/lib:/usr/lib"/>
    <property name="java.vm.info" value="mixed mode, sharing"/>
    <property name="stderr.encoding" value="UTF-8"/>
    <property name="java.vendor" value="Ubuntu"/>
    <property name="java.vm.version" value="21.0.5+11-Ubuntu-1ubuntu124.04"/>
    <property name="sun.io.unicode.encoding" value="UnicodeLittle"/>
    <property name="java.class.version" value="65.0"/>
    <property name="LOGGED_APPLICATION_NAME" value="[coworkreserve] "/>
  </properties>
  <testcase name="contextLoads" classname="com.example.coworkreserve.CoworkreserveApplicationTests" time="0.794">
    <system-out><![CDATA[00:25:28.549 [main] INFO org.springframework.test.context.support.AnnotationConfigContextLoaderUtils -- Could not detect default configuration classes for test class [com.example.coworkreserve.CoworkreserveApplicationTests]: CoworkreserveApplicationTests does not declare any static, non-private, non-final, nested classes annotated with @Configuration.
00:25:28.644 [main] INFO org.springframework.boot.test.context.SpringBootTestContextBootstrapper -- Found @SpringBootConfiguration com.example.coworkreserve.CoworkreserveApplication for test class com.example.coworkreserve.CoworkreserveApplicationTests

  .   ____          _            __ _ _
 /\\ / ___'_ __ _ _(_)_ __  __ _ \ \ \ \
( ( )\___ | '_ | '_| | '_ \/ _` | \ \ \ \
 \\/  ___)| |_)| | | | | || (_| |  ) ) ) )
  '  |____| .__|_| |_|_| |_\__, | / / / /
 =========|_|==============|___/=/_/_/_/

 :: Spring Boot ::                (v3.3.6)

2024-12-19T00:25:28.978+01:00  INFO 37590 --- [coworkreserve] [           main] c.e.c.CoworkreserveApplicationTests      : Starting CoworkreserveApplicationTests using Java 21.0.5 with PID 37590 (started by pablo in /home/pablo/Proyectos/CoworkReserve-API)
2024-12-19T00:25:28.979+01:00  INFO 37590 --- [coworkreserve] [           main] c.e.c.CoworkreserveApplicationTests      : No active profile set, falling back to 1 default profile: "default"
2024-12-19T00:25:30.354+01:00  INFO 37590 --- [coworkreserve] [           main] c.e.c.CoworkreserveApplicationTests      : Started CoworkreserveApplicationTests in 1.602 seconds (process running for 2.47)
]]></system-out>
    <system-err><![CDATA[WARNING: A Java agent has been loaded dynamically (/home/pablo/.m2/repository/net/bytebuddy/byte-buddy-agent/1.14.19/byte-buddy-agent-1.14.19.jar)
WARNING: If a serviceability tool is in use, please run with -XX:+EnableDynamicAgentLoading to hide this warning
WARNING: If a serviceability tool is not in use, please run with -Djdk.instrument.traceUsage for more information
WARNING: Dynamic loading of agents will be disallowed by default in a future release
]]></system-err>
  </testcase>
</testsuite>